Some weights of SegformerForSemanticSegmentation were not initialized from the model checkpoint at nvidia/segformer-b0-finetuned-ade-512-512 and are newly initialized because the shapes did not match:
- decode_head.classifier.weight: found shape torch.Size([150, 256, 1, 1]) in the checkpoint and torch.Size([5, 256, 1, 1]) in the model instantiated
- decode_head.classifier.bias: found shape torch.Size([150]) in the checkpoint and torch.Size([5]) in the model instantiated
You should probably TRAIN this model on a down-stream task to be able to use it for predictions and inference.

b802fb:   0%|          | 0/34 [00:00<?, ?it/s]
b802fb:   3%|▎         | 1/34 [00:05<03:01,  5.51s/it]
b802fb:   6%|▌         | 2/34 [00:10<02:43,  5.09s/it]
b802fb:   9%|▉         | 3/34 [00:15<02:33,  4.94s/it]
b802fb:  12%|█▏        | 4/34 [00:20<02:28,  4.96s/it]
b802fb:  15%|█▍        | 5/34 [00:24<02:21,  4.89s/it]
b802fb:  18%|█▊        | 6/34 [00:29<02:15,  4.86s/it]
b802fb:  21%|██        | 7/34 [00:34<02:10,  4.83s/it]
b802fb:  24%|██▎       | 8/34 [00:39<02:06,  4.86s/it]
b802fb:  26%|██▋       | 9/34 [00:44<02:01,  4.88s/it]
b802fb:  29%|██▉       | 10/34 [00:49<01:58,  4.94s/it]
b802fb:  32%|███▏      | 11/34 [00:54<01:52,  4.88s/it]
b802fb:  35%|███▌      | 12/34 [00:59<01:47,  4.90s/it]
b802fb:  38%|███▊      | 13/34 [01:04<01:44,  5.00s/it]
b802fb:  41%|████      | 14/34 [01:09<01:40,  5.01s/it]
b802fb:  44%|████▍     | 15/34 [01:14<01:33,  4.93s/it]
b802fb:  47%|████▋     | 16/34 [01:18<01:27,  4.88s/it]
b802fb:  50%|█████     | 17/34 [01:23<01:23,  4.92s/it]
b802fb:  53%|█████▎    | 18/34 [01:29<01:21,  5.11s/it]
b802fb:  56%|█████▌    | 19/34 [01:34<01:14,  4.99s/it]
b802fb:  59%|█████▉    | 20/34 [01:38<01:09,  4.93s/it]
b802fb:  62%|██████▏   | 21/34 [01:43<01:03,  4.87s/it]
b802fb:  65%|██████▍   | 22/34 [01:48<00:58,  4.84s/it]
b802fb:  68%|██████▊   | 23/34 [01:53<00:52,  4.79s/it]
b802fb:  71%|███████   | 24/34 [01:58<00:48,  4.86s/it]
b802fb:  74%|███████▎  | 25/34 [02:02<00:43,  4.80s/it]
b802fb:  76%|███████▋  | 26/34 [02:07<00:39,  4.89s/it]
b802fb:  79%|███████▉  | 27/34 [02:12<00:34,  4.88s/it]
b802fb:  82%|████████▏ | 28/34 [02:17<00:29,  4.86s/it]
b802fb:  85%|████████▌ | 29/34 [02:22<00:24,  4.81s/it]
b802fb:  88%|████████▊ | 30/34 [02:27<00:19,  4.90s/it]
b802fb:  91%|█████████ | 31/34 [02:32<00:14,  4.86s/it]
b802fb:  94%|█████████▍| 32/34 [02:36<00:09,  4.81s/it]
b802fb:  97%|█████████▋| 33/34 [02:42<00:05,  5.12s/it]
b802fb: 100%|██████████| 34/34 [02:46<00:00,  4.64s/it]
b802fb: 100%|██████████| 34/34 [02:46<00:00,  4.89s/it]
/root/.cache/huggingface/modules/datasets_modules/metrics/mean_iou/d4add40cf977cdd73590b5873fa830f3f13adb678f6777a29fb07b7c81d14342/mean_iou.py:259: RuntimeWarning: invalid value encountered in true_divide
  acc = total_area_intersect / total_area_label
epoch: 1
├─ loss: 1.431010
├─ mIoU: 0.1757
└─ mAcc: 0.3962


b802fb:   0%|          | 0/34 [00:00<?, ?it/s]
b802fb:   3%|▎         | 1/34 [00:06<03:48,  6.92s/it]
b802fb:   6%|▌         | 2/34 [00:12<03:13,  6.04s/it]
b802fb:   9%|▉         | 3/34 [00:17<02:48,  5.43s/it]
b802fb:  12%|█▏        | 4/34 [00:21<02:32,  5.10s/it]
b802fb:  15%|█▍        | 5/34 [00:26<02:25,  5.02s/it]
b802fb:  18%|█▊        | 6/34 [00:31<02:19,  4.99s/it]
b802fb:  21%|██        | 7/34 [00:36<02:14,  4.97s/it]
b802fb:  24%|██▎       | 8/34 [00:41<02:06,  4.88s/it]
b802fb:  26%|██▋       | 9/34 [00:45<02:02,  4.89s/it]
b802fb:  29%|██▉       | 10/34 [00:50<01:56,  4.85s/it]
b802fb:  32%|███▏      | 11/34 [00:55<01:51,  4.86s/it]
b802fb:  35%|███▌      | 12/34 [01:00<01:45,  4.78s/it]
b802fb:  38%|███▊      | 13/34 [01:05<01:41,  4.83s/it]
b802fb:  41%|████      | 14/34 [01:10<01:37,  4.88s/it]
b802fb:  44%|████▍     | 15/34 [01:14<01:30,  4.79s/it]
b802fb:  47%|████▋     | 16/34 [01:19<01:26,  4.78s/it]
b802fb:  50%|█████     | 17/34 [01:25<01:26,  5.07s/it]
b802fb:  53%|█████▎    | 18/34 [01:29<01:19,  4.95s/it]
b802fb:  56%|█████▌    | 19/34 [01:34<01:13,  4.88s/it]
b802fb:  59%|█████▉    | 20/34 [01:39<01:08,  4.90s/it]
b802fb:  62%|██████▏   | 21/34 [01:44<01:02,  4.80s/it]
b802fb:  65%|██████▍   | 22/34 [01:49<00:58,  4.84s/it]
b802fb:  68%|██████▊   | 23/34 [01:53<00:52,  4.81s/it]
b802fb:  71%|███████   | 24/34 [01:58<00:47,  4.78s/it]
b802fb:  74%|███████▎  | 25/34 [02:03<00:42,  4.72s/it]
b802fb:  76%|███████▋  | 26/34 [02:07<00:37,  4.74s/it]
b802fb:  79%|███████▉  | 27/34 [02:12<00:33,  4.78s/it]
b802fb:  82%|████████▏ | 28/34 [02:17<00:28,  4.77s/it]
b802fb:  85%|████████▌ | 29/34 [02:22<00:23,  4.75s/it]
b802fb:  88%|████████▊ | 30/34 [02:27<00:19,  4.78s/it]
b802fb:  91%|█████████ | 31/34 [02:32<00:14,  4.85s/it]
b802fb:  94%|█████████▍| 32/34 [02:36<00:09,  4.80s/it]
b802fb:  97%|█████████▋| 33/34 [02:41<00:04,  4.93s/it]
b802fb: 100%|██████████| 34/34 [02:45<00:00,  4.53s/it]
b802fb: 100%|██████████| 34/34 [02:45<00:00,  4.87s/it]
epoch: 2
├─ loss: 1.230240
├─ mIoU: 0.2877
└─ mAcc: 0.5422


b802fb:   0%|          | 0/34 [00:00<?, ?it/s]
b802fb:   3%|▎         | 1/34 [00:04<02:39,  4.83s/it]
b802fb:   6%|▌         | 2/34 [00:09<02:40,  5.02s/it]
b802fb:   9%|▉         | 3/34 [00:15<02:41,  5.21s/it]
b802fb:  12%|█▏        | 4/34 [00:20<02:30,  5.02s/it]
b802fb:  15%|█▍        | 5/34 [00:25<02:25,  5.00s/it]
b802fb:  18%|█▊        | 6/34 [00:29<02:18,  4.95s/it]
b802fb:  21%|██        | 7/34 [00:35<02:15,  5.00s/it]
b802fb:  24%|██▎       | 8/34 [00:39<02:07,  4.92s/it]
b802fb:  26%|██▋       | 9/34 [00:45<02:08,  5.14s/it]
b802fb:  29%|██▉       | 10/34 [00:50<02:02,  5.09s/it]
b802fb:  32%|███▏      | 11/34 [00:55<01:54,  4.99s/it]
b802fb:  35%|███▌      | 12/34 [00:59<01:48,  4.92s/it]
b802fb:  38%|███▊      | 13/34 [01:05<01:45,  5.01s/it]
b802fb:  41%|████      | 14/34 [01:10<01:40,  5.01s/it]
b802fb:  44%|████▍     | 15/34 [01:15<01:36,  5.08s/it]
b802fb:  47%|████▋     | 16/34 [01:20<01:29,  4.97s/it]
b802fb:  50%|█████     | 17/34 [01:24<01:23,  4.93s/it]
b802fb:  53%|█████▎    | 18/34 [01:29<01:17,  4.86s/it]
b802fb:  56%|█████▌    | 19/34 [01:35<01:16,  5.10s/it]
b802fb:  59%|█████▉    | 20/34 [01:40<01:11,  5.07s/it]
b802fb:  62%|██████▏   | 21/34 [01:45<01:04,  4.99s/it]
b802fb:  65%|██████▍   | 22/34 [01:50<00:59,  4.96s/it]
b802fb:  68%|██████▊   | 23/34 [01:54<00:54,  4.92s/it]
b802fb:  71%|███████   | 24/34 [01:59<00:48,  4.89s/it]
b802fb:  74%|███████▎  | 25/34 [02:04<00:45,  5.01s/it]
b802fb:  76%|███████▋  | 26/34 [02:10<00:42,  5.27s/it]
b802fb:  79%|███████▉  | 27/34 [02:15<00:36,  5.16s/it]
b802fb:  82%|████████▏ | 28/34 [02:20<00:30,  5.11s/it]
b802fb:  85%|████████▌ | 29/34 [02:25<00:25,  5.04s/it]
b802fb:  88%|████████▊ | 30/34 [02:30<00:19,  4.96s/it]
b802fb:  91%|█████████ | 31/34 [02:35<00:14,  4.91s/it]
b802fb:  94%|█████████▍| 32/34 [02:39<00:09,  4.88s/it]
b802fb:  97%|█████████▋| 33/34 [02:44<00:04,  4.88s/it]
b802fb: 100%|██████████| 34/34 [02:48<00:00,  4.55s/it]
b802fb: 100%|██████████| 34/34 [02:48<00:00,  4.96s/it]
epoch: 3
├─ loss: 1.048725
├─ mIoU: 0.4157
└─ mAcc: 0.6456


b802fb:   0%|          | 0/34 [00:00<?, ?it/s]
b802fb:   3%|▎         | 1/34 [00:04<02:39,  4.85s/it]
b802fb:   6%|▌         | 2/34 [00:09<02:37,  4.93s/it]
b802fb:   9%|▉         | 3/34 [00:14<02:33,  4.96s/it]
b802fb:  12%|█▏        | 4/34 [00:19<02:27,  4.93s/it]
b802fb:  15%|█▍        | 5/34 [00:24<02:23,  4.95s/it]
b802fb:  18%|█▊        | 6/34 [00:29<02:19,  4.97s/it]
b802fb:  21%|██        | 7/34 [00:34<02:12,  4.91s/it]
b802fb:  24%|██▎       | 8/34 [00:39<02:07,  4.90s/it]
b802fb:  26%|██▋       | 9/34 [00:44<02:07,  5.10s/it]
b802fb:  29%|██▉       | 10/34 [00:50<02:03,  5.15s/it]
b802fb:  32%|███▏      | 11/34 [00:54<01:55,  5.04s/it]
b802fb:  35%|███▌      | 12/34 [01:00<01:52,  5.11s/it]
b802fb:  38%|███▊      | 13/34 [01:05<01:45,  5.04s/it]
b802fb:  41%|████      | 14/34 [01:10<01:41,  5.06s/it]
b802fb:  44%|████▍     | 15/34 [01:15<01:35,  5.00s/it]
b802fb:  47%|████▋     | 16/34 [01:19<01:29,  4.96s/it]
b802fb:  50%|█████     | 17/34 [01:25<01:25,  5.01s/it]
b802fb:  53%|█████▎    | 18/34 [01:30<01:19,  5.00s/it]
b802fb:  56%|█████▌    | 19/34 [01:35<01:18,  5.23s/it]
b802fb:  59%|█████▉    | 20/34 [01:40<01:11,  5.12s/it]
b802fb:  62%|██████▏   | 21/34 [01:48<01:16,  5.88s/it]
b802fb:  65%|██████▍   | 22/34 [01:53<01:08,  5.74s/it]
b802fb:  68%|██████▊   | 23/34 [01:59<01:04,  5.89s/it]
b802fb:  71%|███████   | 24/34 [02:04<00:56,  5.60s/it]
b802fb:  74%|███████▎  | 25/34 [02:10<00:50,  5.58s/it]
b802fb:  76%|███████▋  | 26/34 [02:15<00:43,  5.43s/it]
b802fb:  79%|███████▉  | 27/34 [02:20<00:37,  5.32s/it]
b802fb:  82%|████████▏ | 28/34 [02:26<00:32,  5.44s/it]
b802fb:  85%|████████▌ | 29/34 [02:31<00:26,  5.35s/it]
b802fb:  88%|████████▊ | 30/34 [02:37<00:22,  5.68s/it]
b802fb:  91%|█████████ | 31/34 [02:43<00:16,  5.61s/it]
b802fb:  94%|█████████▍| 32/34 [02:48<00:10,  5.41s/it]
b802fb:  97%|█████████▋| 33/34 [02:53<00:05,  5.25s/it]
b802fb: 100%|██████████| 34/34 [02:56<00:00,  4.78s/it]
b802fb: 100%|██████████| 34/34 [02:56<00:00,  5.20s/it]
epoch: 4
├─ loss: 0.757287
├─ mIoU: 0.5553
└─ mAcc: 0.7659


b802fb:   0%|          | 0/34 [00:00<?, ?it/s]
b802fb:   3%|▎         | 1/34 [00:05<02:57,  5.38s/it]
b802fb:   6%|▌         | 2/34 [00:10<02:44,  5.14s/it]
b802fb:   9%|▉         | 3/34 [00:15<02:35,  5.01s/it]
b802fb:  12%|█▏        | 4/34 [00:20<02:29,  5.00s/it]
b802fb:  15%|█▍        | 5/34 [00:25<02:25,  5.03s/it]
b802fb:  18%|█▊        | 6/34 [00:30<02:18,  4.96s/it]
b802fb:  21%|██        | 7/34 [00:34<02:11,  4.88s/it]
b802fb:  24%|██▎       | 8/34 [00:39<02:07,  4.92s/it]
b802fb:  26%|██▋       | 9/34 [00:44<02:02,  4.90s/it]
b802fb:  29%|██▉       | 10/34 [00:49<01:57,  4.88s/it]
b802fb:  32%|███▏      | 11/34 [00:54<01:52,  4.88s/it]
b802fb:  35%|███▌      | 12/34 [00:59<01:47,  4.87s/it]
b802fb:  38%|███▊      | 13/34 [01:04<01:47,  5.12s/it]
b802fb:  41%|████      | 14/34 [01:10<01:42,  5.13s/it]
b802fb:  44%|████▍     | 15/34 [01:15<01:37,  5.14s/it]
b802fb:  47%|████▋     | 16/34 [01:20<01:34,  5.26s/it]
b802fb:  50%|█████     | 17/34 [01:25<01:29,  5.24s/it]
b802fb:  53%|█████▎    | 18/34 [01:30<01:22,  5.14s/it]
b802fb:  56%|█████▌    | 19/34 [01:35<01:16,  5.07s/it]
b802fb:  59%|█████▉    | 20/34 [01:40<01:09,  4.99s/it]
b802fb:  62%|██████▏   | 21/34 [01:45<01:04,  4.93s/it]
b802fb:  65%|██████▍   | 22/34 [01:50<01:00,  5.02s/it]
b802fb:  68%|██████▊   | 23/34 [01:55<00:55,  5.04s/it]
b802fb:  71%|███████   | 24/34 [02:00<00:51,  5.11s/it]
b802fb:  74%|███████▎  | 25/34 [02:06<00:46,  5.17s/it]
b802fb:  76%|███████▋  | 26/34 [02:11<00:41,  5.14s/it]
b802fb:  79%|███████▉  | 27/34 [02:16<00:35,  5.07s/it]
b802fb:  82%|████████▏ | 28/34 [02:22<00:31,  5.32s/it]
b802fb:  85%|████████▌ | 29/34 [02:27<00:26,  5.21s/it]
b802fb:  88%|████████▊ | 30/34 [02:32<00:20,  5.14s/it]
b802fb:  91%|█████████ | 31/34 [02:36<00:15,  5.05s/it]
b802fb:  94%|█████████▍| 32/34 [02:41<00:09,  5.00s/it]
b802fb:  97%|█████████▋| 33/34 [02:46<00:05,  5.03s/it]
b802fb: 100%|██████████| 34/34 [02:50<00:00,  4.65s/it]
b802fb: 100%|██████████| 34/34 [02:50<00:00,  5.02s/it]
epoch: 5
├─ loss: 0.555275
├─ mIoU: 0.6107
└─ mAcc: 0.8037


b802fb:   0%|          | 0/34 [00:00<?, ?it/s]
b802fb:   3%|▎         | 1/34 [00:04<02:37,  4.76s/it]
b802fb:   6%|▌         | 2/34 [00:09<02:35,  4.85s/it]
b802fb:   9%|▉         | 3/34 [00:14<02:34,  5.00s/it]
b802fb:  12%|█▏        | 4/34 [00:19<02:27,  4.91s/it]
b802fb:  15%|█▍        | 5/34 [00:24<02:24,  4.98s/it]
b802fb:  18%|█▊        | 6/34 [00:29<02:17,  4.89s/it]
b802fb:  21%|██        | 7/34 [00:34<02:12,  4.92s/it]
b802fb:  24%|██▎       | 8/34 [00:39<02:12,  5.08s/it]
b802fb:  26%|██▋       | 9/34 [00:44<02:05,  5.00s/it]
b802fb:  29%|██▉       | 10/34 [00:49<01:59,  4.99s/it]
b802fb:  32%|███▏      | 11/34 [00:55<02:01,  5.28s/it]
b802fb:  35%|███▌      | 12/34 [01:01<01:57,  5.33s/it]
b802fb:  38%|███▊      | 13/34 [01:05<01:48,  5.19s/it]
b802fb:  41%|████      | 14/34 [01:11<01:44,  5.21s/it]
b802fb:  44%|████▍     | 15/34 [01:16<01:38,  5.19s/it]
b802fb:  47%|████▋     | 16/34 [01:22<01:36,  5.35s/it]
b802fb:  50%|█████     | 17/34 [01:26<01:28,  5.20s/it]
b802fb:  53%|█████▎    | 18/34 [01:32<01:23,  5.23s/it]
b802fb:  56%|█████▌    | 19/34 [01:37<01:17,  5.14s/it]
b802fb:  59%|█████▉    | 20/34 [01:41<01:10,  5.05s/it]
b802fb:  62%|██████▏   | 21/34 [01:46<01:05,  5.02s/it]
b802fb:  65%|██████▍   | 22/34 [01:52<01:00,  5.06s/it]
b802fb:  68%|██████▊   | 23/34 [01:56<00:55,  5.02s/it]
b802fb:  71%|███████   | 24/34 [02:01<00:49,  4.99s/it]
b802fb:  74%|███████▎  | 25/34 [02:06<00:44,  4.93s/it]
b802fb:  76%|███████▋  | 26/34 [02:11<00:39,  4.98s/it]
b802fb:  79%|███████▉  | 27/34 [02:16<00:34,  4.94s/it]
b802fb:  82%|████████▏ | 28/34 [02:21<00:29,  4.96s/it]
b802fb:  85%|████████▌ | 29/34 [02:26<00:24,  4.92s/it]
b802fb:  88%|████████▊ | 30/34 [02:31<00:19,  4.93s/it]
b802fb:  91%|█████████ | 31/34 [02:36<00:14,  4.86s/it]
b802fb:  94%|█████████▍| 32/34 [02:41<00:09,  4.94s/it]
b802fb:  97%|█████████▋| 33/34 [02:46<00:04,  4.94s/it]
b802fb: 100%|██████████| 34/34 [02:50<00:00,  4.84s/it]
b802fb: 100%|██████████| 34/34 [02:50<00:00,  5.02s/it]
epoch: 6
├─ loss: 0.429949
├─ mIoU: 0.6651
└─ mAcc: 0.8525


b802fb:   0%|          | 0/34 [00:00<?, ?it/s]
b802fb:   3%|▎         | 1/34 [00:05<02:59,  5.45s/it]
b802fb:   6%|▌         | 2/34 [00:10<02:54,  5.45s/it]
b802fb:   9%|▉         | 3/34 [00:15<02:38,  5.13s/it]
b802fb:  12%|█▏        | 4/34 [00:20<02:31,  5.06s/it]
b802fb:  15%|█▍        | 5/34 [00:25<02:26,  5.05s/it]
b802fb:  18%|█▊        | 6/34 [00:31<02:29,  5.36s/it]
b802fb:  21%|██        | 7/34 [00:36<02:22,  5.27s/it]
b802fb:  24%|██▎       | 8/34 [00:41<02:15,  5.21s/it]
b802fb:  26%|██▋       | 9/34 [00:46<02:07,  5.09s/it]
b802fb:  29%|██▉       | 10/34 [00:51<02:03,  5.13s/it]
b802fb:  32%|███▏      | 11/34 [00:56<01:55,  5.04s/it]
b802fb:  35%|███▌      | 12/34 [01:01<01:50,  5.03s/it]
b802fb:  38%|███▊      | 13/34 [01:06<01:45,  5.02s/it]
b802fb:  41%|████      | 14/34 [01:11<01:39,  4.96s/it]
b802fb:  44%|████▍     | 15/34 [01:16<01:33,  4.92s/it]
b802fb:  47%|████▋     | 16/34 [01:21<01:29,  4.97s/it]
b802fb:  50%|█████     | 17/34 [01:26<01:23,  4.93s/it]
b802fb:  53%|█████▎    | 18/34 [01:31<01:19,  4.95s/it]
b802fb:  56%|█████▌    | 19/34 [01:36<01:13,  4.91s/it]
b802fb:  59%|█████▉    | 20/34 [01:40<01:08,  4.89s/it]
b802fb:  62%|██████▏   | 21/34 [01:45<01:04,  4.95s/it]
b802fb:  65%|██████▍   | 22/34 [01:50<00:59,  4.94s/it]
b802fb:  68%|██████▊   | 23/34 [01:55<00:53,  4.89s/it]
b802fb:  71%|███████   | 24/34 [02:00<00:49,  5.00s/it]
b802fb:  74%|███████▎  | 25/34 [02:05<00:44,  4.97s/it]
b802fb:  76%|███████▋  | 26/34 [02:10<00:39,  4.96s/it]
b802fb:  79%|███████▉  | 27/34 [02:15<00:34,  4.91s/it]
b802fb:  82%|████████▏ | 28/34 [02:20<00:29,  4.91s/it]
b802fb:  85%|████████▌ | 29/34 [02:25<00:24,  4.93s/it]
b802fb:  88%|████████▊ | 30/34 [02:31<00:20,  5.19s/it]
b802fb:  91%|█████████ | 31/34 [02:35<00:15,  5.06s/it]
b802fb:  94%|█████████▍| 32/34 [02:41<00:10,  5.09s/it]
b802fb:  97%|█████████▋| 33/34 [02:45<00:04,  4.97s/it]
b802fb: 100%|██████████| 34/34 [02:49<00:00,  4.60s/it]
b802fb: 100%|██████████| 34/34 [02:49<00:00,  4.99s/it]
epoch: 7
├─ loss: 0.345063
├─ mIoU: 0.6719
└─ mAcc: 0.8565


b802fb:   0%|          | 0/34 [00:00<?, ?it/s]
b802fb:   3%|▎         | 1/34 [00:04<02:43,  4.95s/it]
b802fb:   6%|▌         | 2/34 [00:09<02:35,  4.85s/it]
b802fb:   9%|▉         | 3/34 [00:14<02:29,  4.83s/it]
b802fb:  12%|█▏        | 4/34 [00:19<02:23,  4.80s/it]
b802fb:  15%|█▍        | 5/34 [00:24<02:18,  4.79s/it]
b802fb:  18%|█▊        | 6/34 [00:28<02:14,  4.81s/it]
b802fb:  21%|██        | 7/34 [00:33<02:10,  4.85s/it]
b802fb:  24%|██▎       | 8/34 [00:38<02:05,  4.81s/it]
b802fb:  26%|██▋       | 9/34 [00:43<02:03,  4.92s/it]
b802fb:  29%|██▉       | 10/34 [00:48<01:59,  4.98s/it]
b802fb:  32%|███▏      | 11/34 [00:53<01:53,  4.95s/it]
b802fb:  35%|███▌      | 12/34 [00:58<01:48,  4.91s/it]
b802fb:  38%|███▊      | 13/34 [01:03<01:42,  4.88s/it]
b802fb:  41%|████      | 14/34 [01:08<01:39,  4.99s/it]
b802fb:  44%|████▍     | 15/34 [01:13<01:34,  4.97s/it]
b802fb:  47%|████▋     | 16/34 [01:18<01:29,  5.00s/it]
b802fb:  50%|█████     | 17/34 [01:23<01:24,  4.96s/it]
b802fb:  53%|█████▎    | 18/34 [01:28<01:19,  4.94s/it]
b802fb:  56%|█████▌    | 19/34 [01:33<01:13,  4.93s/it]
b802fb:  59%|█████▉    | 20/34 [01:38<01:11,  5.12s/it]
b802fb:  62%|██████▏   | 21/34 [01:43<01:05,  5.04s/it]
b802fb:  65%|██████▍   | 22/34 [01:48<01:00,  5.04s/it]
b802fb:  68%|██████▊   | 23/34 [01:53<00:54,  4.97s/it]
b802fb:  71%|███████   | 24/34 [01:58<00:49,  4.95s/it]
b802fb:  74%|███████▎  | 25/34 [02:03<00:45,  5.00s/it]
b802fb:  76%|███████▋  | 26/34 [02:08<00:39,  4.95s/it]
b802fb:  79%|███████▉  | 27/34 [02:13<00:35,  5.00s/it]
b802fb:  82%|████████▏ | 28/34 [02:18<00:30,  5.01s/it]
b802fb:  85%|████████▌ | 29/34 [02:23<00:24,  4.96s/it]
b802fb:  88%|████████▊ | 30/34 [02:28<00:19,  4.96s/it]
b802fb:  91%|█████████ | 31/34 [02:33<00:15,  5.15s/it]
b802fb:  94%|█████████▍| 32/34 [02:39<00:10,  5.41s/it]
b802fb:  97%|█████████▋| 33/34 [02:44<00:05,  5.24s/it]
b802fb: 100%|██████████| 34/34 [02:48<00:00,  4.80s/it]
b802fb: 100%|██████████| 34/34 [02:48<00:00,  4.96s/it]
epoch: 8
├─ loss: 0.285290
├─ mIoU: 0.7140
└─ mAcc: 0.8969


b802fb:   0%|          | 0/34 [00:00<?, ?it/s]
b802fb:   3%|▎         | 1/34 [00:05<03:00,  5.48s/it]
b802fb:   6%|▌         | 2/34 [00:10<02:44,  5.13s/it]
b802fb:   9%|▉         | 3/34 [00:15<02:39,  5.14s/it]
b802fb:  12%|█▏        | 4/34 [00:20<02:33,  5.11s/it]
b802fb:  15%|█▍        | 5/34 [00:25<02:24,  4.99s/it]
b802fb:  18%|█▊        | 6/34 [00:30<02:18,  4.93s/it]
b802fb:  21%|██        | 7/34 [00:35<02:12,  4.91s/it]
b802fb:  24%|██▎       | 8/34 [00:40<02:08,  4.95s/it]
b802fb:  26%|██▋       | 9/34 [00:45<02:03,  4.95s/it]
b802fb:  29%|██▉       | 10/34 [00:49<01:57,  4.90s/it]
b802fb:  32%|███▏      | 11/34 [00:54<01:52,  4.89s/it]
b802fb:  35%|███▌      | 12/34 [00:59<01:49,  4.99s/it]
b802fb:  38%|███▊      | 13/34 [01:04<01:44,  4.99s/it]
b802fb:  41%|████      | 14/34 [01:09<01:39,  4.99s/it]
b802fb:  44%|████▍     | 15/34 [01:14<01:34,  4.96s/it]
b802fb:  47%|████▋     | 16/34 [01:19<01:28,  4.92s/it]
b802fb:  50%|█████     | 17/34 [01:24<01:24,  4.97s/it]
b802fb:  53%|█████▎    | 18/34 [01:30<01:23,  5.21s/it]
b802fb:  56%|█████▌    | 19/34 [01:35<01:17,  5.18s/it]
b802fb:  59%|█████▉    | 20/34 [01:40<01:11,  5.10s/it]
b802fb:  62%|██████▏   | 21/34 [01:45<01:06,  5.14s/it]
b802fb:  65%|██████▍   | 22/34 [01:50<01:01,  5.09s/it]
b802fb:  68%|██████▊   | 23/34 [01:56<00:57,  5.27s/it]
b802fb:  71%|███████   | 24/34 [02:03<00:57,  5.78s/it]
b802fb:  74%|███████▎  | 25/34 [02:09<00:52,  5.79s/it]
b802fb:  76%|███████▋  | 26/34 [02:13<00:44,  5.51s/it]
b802fb:  79%|███████▉  | 27/34 [02:19<00:37,  5.37s/it]
b802fb:  82%|████████▏ | 28/34 [02:24<00:31,  5.30s/it]
b802fb:  85%|████████▌ | 29/34 [02:29<00:26,  5.23s/it]
b802fb:  88%|████████▊ | 30/34 [02:34<00:20,  5.12s/it]
b802fb:  91%|█████████ | 31/34 [02:39<00:15,  5.06s/it]
b802fb:  94%|█████████▍| 32/34 [02:45<00:10,  5.34s/it]
b802fb:  97%|█████████▋| 33/34 [02:50<00:05,  5.24s/it]
b802fb: 100%|██████████| 34/34 [02:53<00:00,  4.76s/it]
b802fb: 100%|██████████| 34/34 [02:53<00:00,  5.11s/it]
epoch: 9
├─ loss: 0.237634
├─ mIoU: 0.7023
└─ mAcc: 0.8883


b802fb:   0%|          | 0/34 [00:00<?, ?it/s]
b802fb:   3%|▎         | 1/34 [00:05<02:51,  5.19s/it]
b802fb:   6%|▌         | 2/34 [00:09<02:35,  4.87s/it]
b802fb:   9%|▉         | 3/34 [00:14<02:27,  4.74s/it]
b802fb:  12%|█▏        | 4/34 [00:19<02:22,  4.76s/it]
b802fb:  15%|█▍        | 5/34 [00:24<02:22,  4.90s/it]
b802fb:  18%|█▊        | 6/34 [00:30<02:24,  5.17s/it]
b802fb:  21%|██        | 7/34 [00:34<02:16,  5.05s/it]
b802fb:  24%|██▎       | 8/34 [00:39<02:10,  5.00s/it]
b802fb:  26%|██▋       | 9/34 [00:44<02:06,  5.04s/it]
b802fb:  29%|██▉       | 10/34 [00:49<01:59,  4.96s/it]
b802fb:  32%|███▏      | 11/34 [00:54<01:56,  5.05s/it]
b802fb:  35%|███▌      | 12/34 [00:59<01:49,  4.96s/it]
b802fb:  38%|███▊      | 13/34 [01:04<01:44,  4.96s/it]
b802fb:  41%|████      | 14/34 [01:10<01:43,  5.18s/it]
b802fb:  44%|████▍     | 15/34 [01:15<01:36,  5.10s/it]
b802fb:  47%|████▋     | 16/34 [01:20<01:33,  5.19s/it]
b802fb:  50%|█████     | 17/34 [01:25<01:26,  5.09s/it]
b802fb:  53%|█████▎    | 18/34 [01:30<01:20,  5.04s/it]
b802fb:  56%|█████▌    | 19/34 [01:35<01:14,  4.95s/it]
b802fb:  59%|█████▉    | 20/34 [01:40<01:11,  5.14s/it]
b802fb:  62%|██████▏   | 21/34 [01:45<01:05,  5.01s/it]
b802fb:  65%|██████▍   | 22/34 [01:50<00:59,  4.99s/it]
b802fb:  68%|██████▊   | 23/34 [01:56<00:56,  5.18s/it]
b802fb:  71%|███████   | 24/34 [02:01<00:51,  5.12s/it]
b802fb:  74%|███████▎  | 25/34 [02:05<00:45,  5.02s/it]
b802fb:  76%|███████▋  | 26/34 [02:10<00:39,  4.97s/it]
b802fb:  79%|███████▉  | 27/34 [02:15<00:34,  4.97s/it]
b802fb:  82%|████████▏ | 28/34 [02:20<00:29,  4.96s/it]
b802fb:  85%|████████▌ | 29/34 [02:25<00:24,  4.96s/it]
b802fb:  88%|████████▊ | 30/34 [02:30<00:19,  4.93s/it]
b802fb:  91%|█████████ | 31/34 [02:35<00:14,  4.86s/it]
b802fb:  94%|█████████▍| 32/34 [02:39<00:09,  4.80s/it]
b802fb:  97%|█████████▋| 33/34 [02:44<00:04,  4.82s/it]
b802fb: 100%|██████████| 34/34 [02:48<00:00,  4.46s/it]
b802fb: 100%|██████████| 34/34 [02:48<00:00,  4.95s/it]
epoch: 10
├─ loss: 0.205630
├─ mIoU: 0.7063
└─ mAcc: 0.8878

